Conda dependencies:
===================
fastp                     0.22.0               h2e03b76_0    bioconda
star                      2.7.9a               h9ee0642_0    bioconda
bioconductor-rsamtools    1.32.3           r341hfc679d8_0    bioconda
samtools                  1.7                           1    bioconda
bedtools                  2.30.0               h7d7f7ad_2    bioconda
fastqc                    0.11.9               hdfd78af_1    bioconda
htseq                     0.13.5           py37h9c5868f_1    bioconda
matplotlib                2.2.3            py37hb69df0a_0  
matplotlib-base           2.2.4            py37hfd891ef_0    conda-forge
pandas                    1.3.3            py37h8c16a72_0  
numpy                     1.21.2           py37hd8d4704_0  
numpy-base                1.21.2           py37h2b8c604_0  
numpydoc                  1.1.0              pyhd3eb1b0_1  
scipy                     1.7.1            py37hc65b3f8_2  
scikit-learn              0.24.2           py37ha9443f7_0  
multiqc                   1.11               pyhdfd78af_0    bioconda
xpressplot                0.2.5              pyh4c3bd37_1    bioconda
seaborn                   0.11.2             pyhd3eb1b0_0  
R dependencies:
===================
DESeq2                             DESeq2      1.20.0     <NA>
dupRadar                         dupRadar      1.10.0     <NA>
